[dotenv@17.3.1] injecting env (3) from .env -- tip: 🔐 prevent committing .env to code: https://dotenvx.com/precommit
DB Connection ERROR: MongooseServerSelectionError: Could not connect to any servers in your MongoDB Atlas cluster. One common reason is that you're trying to access the database from an IP that isn't whitelisted. Make sure your current IP address is on your Atlas cluster's IP whitelist: https://www.mongodb.com/docs/atlas/security-whitelist/
    at _handleConnectionErrors (C:\Users\User\Desktop\university\internship\task2\backend\node_modules\mongoose\lib\connection.js:1169:11)
    at NativeConnection.openUri (C:\Users\User\Desktop\university\internship\task2\backend\node_modules\mongoose\lib\connection.js:1100:11)
    at async connectDB (C:\Users\User\Desktop\university\internship\task2\backend\config\db.js:5:9)
    at async startServer (C:\Users\User\Desktop\university\internship\task2\backend\server.js:31:9) {
  errorLabelSet: Set(0) {},
  reason: TopologyDescription {
    type: 'ReplicaSetNoPrimary',
    servers: Map(3) {
      'ac-l7jkvoc-shard-00-02.tlm1gva.mongodb.net:27017' => [ServerDescription],
      'ac-l7jkvoc-shard-00-00.tlm1gva.mongodb.net:27017' => [ServerDescription],
      'ac-l7jkvoc-shard-00-01.tlm1gva.mongodb.net:27017' => [ServerDescription]
    },
    stale: false,
    compatible: true,
    heartbeatFrequencyMS: 10000,
    localThresholdMS: 15,
    setName: 'atlas-pwdqag-shard-0',
    maxElectionId: null,
    maxSetVersion: null,
    commonWireVersion: 0,
    logicalSessionTimeoutMinutes: null
  },
  code: undefined,
  cause: TopologyDescription {
    type: 'ReplicaSetNoPrimary',
    servers: Map(3) {
      'ac-l7jkvoc-shard-00-02.tlm1gva.mongodb.net:27017' => [ServerDescription],
      'ac-l7jkvoc-shard-00-00.tlm1gva.mongodb.net:27017' => [ServerDescription],
      'ac-l7jkvoc-shard-00-01.tlm1gva.mongodb.net:27017' => [ServerDescription]
    },
    stale: false,
    compatible: true,
    heartbeatFrequencyMS: 10000,
    localThresholdMS: 15,
    setName: 'atlas-pwdqag-shard-0',
    maxElectionId: null,
    maxSetVersion: null,
    commonWireVersion: 0,
    logicalSessionTimeoutMinutes: null
  }
}
SERVER ERROR: MongooseServerSelectionError: Could not connect to any servers in your MongoDB Atlas cluster. One common reason is that you're trying to access the database from an IP that isn't whitelisted. Make sure your current IP address is on your Atlas cluster's IP whitelist: https://www.mongodb.com/docs/atlas/security-whitelist/
    at _handleConnectionErrors (C:\Users\User\Desktop\university\internship\task2\backend\node_modules\mongoose\lib\connection.js:1169:11)
    at NativeConnection.openUri (C:\Users\User\Desktop\university\internship\task2\backend\node_modules\mongoose\lib\connection.js:1100:11)
    at async connectDB (C:\Users\User\Desktop\university\internship\task2\backend\config\db.js:5:9)
    at async startServer (C:\Users\User\Desktop\university\internship\task2\backend\server.js:31:9) {
  errorLabelSet: Set(0) {},
  reason: TopologyDescription {
    type: 'ReplicaSetNoPrimary',
    servers: Map(3) {
      'ac-l7jkvoc-shard-00-02.tlm1gva.mongodb.net:27017' => [ServerDescription],
      'ac-l7jkvoc-shard-00-00.tlm1gva.mongodb.net:27017' => [ServerDescription],
      'ac-l7jkvoc-shard-00-01.tlm1gva.mongodb.net:27017' => [ServerDescription]
    },
    stale: false,
    compatible: true,
    heartbeatFrequencyMS: 10000,
    localThresholdMS: 15,
    setName: 'atlas-pwdqag-shard-0',
    maxElectionId: null,
    maxSetVersion: null,
    commonWireVersion: 0,
    logicalSessionTimeoutMinutes: null
  },
  code: undefined,
  cause: TopologyDescription {
    type: 'ReplicaSetNoPrimary',
    servers: Map(3) {
      'ac-l7jkvoc-shard-00-02.tlm1gva.mongodb.net:27017' => [ServerDescription],
      'ac-l7jkvoc-shard-00-00.tlm1gva.mongodb.net:27017' => [ServerDescription],
      'ac-l7jkvoc-shard-00-01.tlm1gva.mongodb.net:27017' => [ServerDescription]
    },
    stale: false,
    compatible: true,
    heartbeatFrequencyMS: 10000,
    localThresholdMS: 15,
    setName: 'atlas-pwdqag-shard-0',
    maxElectionId: null,
    maxSetVersion: null,
    commonWireVersion: 0,
    logicalSessionTimeoutMinutes: null
  }
}
node:internal/process/promises:394
    triggerUncaughtException(err, true /* fromPromise */);
    ^

MongooseServerSelectionError: Could not connect to any servers in your MongoDB Atlas cluster. One common reason is that you're trying to access the database from an IP that isn't whitelisted. Make sure your current IP address is on your Atlas cluster's IP whitelist: https://www.mongodb.com/docs/atlas/security-whitelist/
    at _handleConnectionErrors (C:\Users\User\Desktop\university\internship\task2\backend\node_modules\mongoose\lib\connection.js:1169:11)
    at NativeConnection.openUri (C:\Users\User\Desktop\university\internship\task2\backend\node_modules\mongoose\lib\connection.js:1100:11)
    at async connectDB (C:\Users\User\Desktop\university\internship\task2\backend\config\db.js:5:9)
    at async startServer (C:\Users\User\Desktop\university\internship\task2\backend\server.js:31:9) {
  errorLabelSet: Set(0) {},
  reason: TopologyDescription {
    type: 'ReplicaSetNoPrimary',
    servers: Map(3) {
      'ac-l7jkvoc-shard-00-02.tlm1gva.mongodb.net:27017' => ServerDescription {
        address: 'ac-l7jkvoc-shard-00-02.tlm1gva.mongodb.net:27017',
        type: 'Unknown',
        hosts: [],
        passives: [],
        arbiters: [],
        tags: {},
        minWireVersion: 0,
        maxWireVersion: 0,
        roundTripTime: -1,
        minRoundTripTime: 0,
        lastUpdateTime: 2565451,
        lastWriteDate: 0,
        error: MongoNetworkError: 24040000:error:0A000438:SSL routines:ssl3_read_bytes:tlsv1 alert internal error:c:\ws\deps\openssl\openssl\ssl\record\rec_layer_s3.c:1605:SSL alert number 80
        
            at TLSSocket.<anonymous> (C:\Users\User\Desktop\university\internship\task2\backend\node_modules\mongodb\lib\cmap\connect.js:286:44)
            at Object.onceWrapper (node:events:633:26)
            at TLSSocket.emit (node:events:518:28)
            at emitErrorNT (node:internal/streams/destroy:170:8)
            at emitErrorCloseNT (node:internal/streams/destroy:129:3)
            at process.processTicksAndRejections (node:internal/process/task_queues:90:21) {
          errorLabelSet: Set(1) { 'ResetPool' },
          beforeHandshake: false,
          [cause]: [Error: 24040000:error:0A000438:SSL routines:ssl3_read_bytes:tlsv1 alert internal error:c:\ws\deps\openssl\openssl\ssl\record\rec_layer_s3.c:1605:SSL alert number 80
          ] {
            library: 'SSL routines',
            reason: 'tlsv1 alert internal error',
            code: 'ERR_SSL_TLSV1_ALERT_INTERNAL_ERROR'
          }
        },
        topologyVersion: null,
        setName: null,
        setVersion: null,
        electionId: null,
        logicalSessionTimeoutMinutes: null,
        maxMessageSizeBytes: null,
        maxWriteBatchSize: null,
        maxBsonObjectSize: null,
        primary: null,
        me: null,
        '$clusterTime': null,
        iscryptd: false
      },
      'ac-l7jkvoc-shard-00-00.tlm1gva.mongodb.net:27017' => ServerDescription {
        address: 'ac-l7jkvoc-shard-00-00.tlm1gva.mongodb.net:27017',
        type: 'Unknown',
        hosts: [],
        passives: [],
        arbiters: [],
        tags: {},
        minWireVersion: 0,
        maxWireVersion: 0,
        roundTripTime: -1,
        minRoundTripTime: 0,
        lastUpdateTime: 2565454,
        lastWriteDate: 0,
        error: MongoNetworkError: 24040000:error:0A000438:SSL routines:ssl3_read_bytes:tlsv1 alert internal error:c:\ws\deps\openssl\openssl\ssl\record\rec_layer_s3.c:1605:SSL alert number 80
        
            at TLSSocket.<anonymous> (C:\Users\User\Desktop\university\internship\task2\backend\node_modules\mongodb\lib\cmap\connect.js:286:44)
            at Object.onceWrapper (node:events:633:26)
            at TLSSocket.emit (node:events:518:28)
            at emitErrorNT (node:internal/streams/destroy:170:8)
            at emitErrorCloseNT (node:internal/streams/destroy:129:3)
            at process.processTicksAndRejections (node:internal/process/task_queues:90:21) {
          errorLabelSet: Set(1) { 'ResetPool' },
          beforeHandshake: false,
          [cause]: [Error: 24040000:error:0A000438:SSL routines:ssl3_read_bytes:tlsv1 alert internal error:c:\ws\deps\openssl\openssl\ssl\record\rec_layer_s3.c:1605:SSL alert number 80
          ] {
            library: 'SSL routines',
            reason: 'tlsv1 alert internal error',
            code: 'ERR_SSL_TLSV1_ALERT_INTERNAL_ERROR'
          }
        },
        topologyVersion: null,
        setName: null,
        setVersion: null,
        electionId: null,
        logicalSessionTimeoutMinutes: null,
        maxMessageSizeBytes: null,
        maxWriteBatchSize: null,
        maxBsonObjectSize: null,
        primary: null,
        me: null,
        '$clusterTime': null,
        iscryptd: false
      },
      'ac-l7jkvoc-shard-00-01.tlm1gva.mongodb.net:27017' => ServerDescription {
        address: 'ac-l7jkvoc-shard-00-01.tlm1gva.mongodb.net:27017',
        type: 'Unknown',
        hosts: [],
        passives: [],
        arbiters: [],
        tags: {},
        minWireVersion: 0,
        maxWireVersion: 0,
        roundTripTime: -1,
        minRoundTripTime: 0,
        lastUpdateTime: 2565451,
        lastWriteDate: 0,
        error: MongoNetworkError: 24040000:error:0A000438:SSL routines:ssl3_read_bytes:tlsv1 alert internal error:c:\ws\deps\openssl\openssl\ssl\record\rec_layer_s3.c:1605:SSL alert number 80
        
            at TLSSocket.<anonymous> (C:\Users\User\Desktop\university\internship\task2\backend\node_modules\mongodb\lib\cmap\connect.js:286:44)
            at Object.onceWrapper (node:events:633:26)
            at TLSSocket.emit (node:events:518:28)
            at emitErrorNT (node:internal/streams/destroy:170:8)
            at emitErrorCloseNT (node:internal/streams/destroy:129:3)
            at process.processTicksAndRejections (node:internal/process/task_queues:90:21) {
          errorLabelSet: Set(1) { 'ResetPool' },
          beforeHandshake: false,
          [cause]: [Error: 24040000:error:0A000438:SSL routines:ssl3_read_bytes:tlsv1 alert internal error:c:\ws\deps\openssl\openssl\ssl\record\rec_layer_s3.c:1605:SSL alert number 80
          ] {
            library: 'SSL routines',
            reason: 'tlsv1 alert internal error',
            code: 'ERR_SSL_TLSV1_ALERT_INTERNAL_ERROR'
          }
        },
        topologyVersion: null,
        setName: null,
        setVersion: null,
        electionId: null,
        logicalSessionTimeoutMinutes: null,
        maxMessageSizeBytes: null,
        maxWriteBatchSize: null,
        maxBsonObjectSize: null,
        primary: null,
        me: null,
        '$clusterTime': null,
        iscryptd: false
      }
    },
    stale: false,
    compatible: true,
    heartbeatFrequencyMS: 10000,
    localThresholdMS: 15,
    setName: 'atlas-pwdqag-shard-0',
    maxElectionId: null,
    maxSetVersion: null,
    commonWireVersion: 0,
    logicalSessionTimeoutMinutes: null
  },
  code: undefined,
  cause: TopologyDescription {
    type: 'ReplicaSetNoPrimary',
    servers: Map(3) {
      'ac-l7jkvoc-shard-00-02.tlm1gva.mongodb.net:27017' => ServerDescription {
        address: 'ac-l7jkvoc-shard-00-02.tlm1gva.mongodb.net:27017',
        type: 'Unknown',
        hosts: [],
        passives: [],
        arbiters: [],
        tags: {},
        minWireVersion: 0,
        maxWireVersion: 0,
        roundTripTime: -1,
        minRoundTripTime: 0,
        lastUpdateTime: 2565451,
        lastWriteDate: 0,
        error: MongoNetworkError: 24040000:error:0A000438:SSL routines:ssl3_read_bytes:tlsv1 alert internal error:c:\ws\deps\openssl\openssl\ssl\record\rec_layer_s3.c:1605:SSL alert number 80
        
            at TLSSocket.<anonymous> (C:\Users\User\Desktop\university\internship\task2\backend\node_modules\mongodb\lib\cmap\connect.js:286:44)
            at Object.onceWrapper (node:events:633:26)
            at TLSSocket.emit (node:events:518:28)
            at emitErrorNT (node:internal/streams/destroy:170:8)
            at emitErrorCloseNT (node:internal/streams/destroy:129:3)
            at process.processTicksAndRejections (node:internal/process/task_queues:90:21) {
          errorLabelSet: Set(1) { 'ResetPool' },
          beforeHandshake: false,
          [cause]: [Error: 24040000:error:0A000438:SSL routines:ssl3_read_bytes:tlsv1 alert internal error:c:\ws\deps\openssl\openssl\ssl\record\rec_layer_s3.c:1605:SSL alert number 80
          ] {
            library: 'SSL routines',
            reason: 'tlsv1 alert internal error',
            code: 'ERR_SSL_TLSV1_ALERT_INTERNAL_ERROR'
          }
        },
        topologyVersion: null,
        setName: null,
        setVersion: null,
        electionId: null,
        logicalSessionTimeoutMinutes: null,
        maxMessageSizeBytes: null,
        maxWriteBatchSize: null,
        maxBsonObjectSize: null,
        primary: null,
        me: null,
        '$clusterTime': null,
        iscryptd: false
      },
      'ac-l7jkvoc-shard-00-00.tlm1gva.mongodb.net:27017' => ServerDescription {
        address: 'ac-l7jkvoc-shard-00-00.tlm1gva.mongodb.net:27017',
        type: 'Unknown',
        hosts: [],
        passives: [],
        arbiters: [],
        tags: {},
        minWireVersion: 0,
        maxWireVersion: 0,
        roundTripTime: -1,
        minRoundTripTime: 0,
        lastUpdateTime: 2565454,
        lastWriteDate: 0,
        error: MongoNetworkError: 24040000:error:0A000438:SSL routines:ssl3_read_bytes:tlsv1 alert internal error:c:\ws\deps\openssl\openssl\ssl\record\rec_layer_s3.c:1605:SSL alert number 80
        
            at TLSSocket.<anonymous> (C:\Users\User\Desktop\university\internship\task2\backend\node_modules\mongodb\lib\cmap\connect.js:286:44)
            at Object.onceWrapper (node:events:633:26)
            at TLSSocket.emit (node:events:518:28)
            at emitErrorNT (node:internal/streams/destroy:170:8)
            at emitErrorCloseNT (node:internal/streams/destroy:129:3)
            at process.processTicksAndRejections (node:internal/process/task_queues:90:21) {
          errorLabelSet: Set(1) { 'ResetPool' },
          beforeHandshake: false,
          [cause]: [Error: 24040000:error:0A000438:SSL routines:ssl3_read_bytes:tlsv1 alert internal error:c:\ws\deps\openssl\openssl\ssl\record\rec_layer_s3.c:1605:SSL alert number 80
          ] {
            library: 'SSL routines',
            reason: 'tlsv1 alert internal error',
            code: 'ERR_SSL_TLSV1_ALERT_INTERNAL_ERROR'
          }
        },
        topologyVersion: null,
        setName: null,
        setVersion: null,
        electionId: null,
        logicalSessionTimeoutMinutes: null,
        maxMessageSizeBytes: null,
        maxWriteBatchSize: null,
        maxBsonObjectSize: null,
        primary: null,
        me: null,
        '$clusterTime': null,
        iscryptd: false
      },
      'ac-l7jkvoc-shard-00-01.tlm1gva.mongodb.net:27017' => ServerDescription {
        address: 'ac-l7jkvoc-shard-00-01.tlm1gva.mongodb.net:27017',
        type: 'Unknown',
        hosts: [],
        passives: [],
        arbiters: [],
        tags: {},
        minWireVersion: 0,
        maxWireVersion: 0,
        roundTripTime: -1,
        minRoundTripTime: 0,
        lastUpdateTime: 2565451,
        lastWriteDate: 0,
        error: MongoNetworkError: 24040000:error:0A000438:SSL routines:ssl3_read_bytes:tlsv1 alert internal error:c:\ws\deps\openssl\openssl\ssl\record\rec_layer_s3.c:1605:SSL alert number 80
        
            at TLSSocket.<anonymous> (C:\Users\User\Desktop\university\internship\task2\backend\node_modules\mongodb\lib\cmap\connect.js:286:44)
            at Object.onceWrapper (node:events:633:26)
            at TLSSocket.emit (node:events:518:28)
            at emitErrorNT (node:internal/streams/destroy:170:8)
            at emitErrorCloseNT (node:internal/streams/destroy:129:3)
            at process.processTicksAndRejections (node:internal/process/task_queues:90:21) {
          errorLabelSet: Set(1) { 'ResetPool' },
          beforeHandshake: false,
          [cause]: [Error: 24040000:error:0A000438:SSL routines:ssl3_read_bytes:tlsv1 alert internal error:c:\ws\deps\openssl\openssl\ssl\record\rec_layer_s3.c:1605:SSL alert number 80
          ] {
            library: 'SSL routines',
            reason: 'tlsv1 alert internal error',
            code: 'ERR_SSL_TLSV1_ALERT_INTERNAL_ERROR'
          }
        },
        topologyVersion: null,
        setName: null,
        setVersion: null,
        electionId: null,
        logicalSessionTimeoutMinutes: null,
        maxMessageSizeBytes: null,
        maxWriteBatchSize: null,
        maxBsonObjectSize: null,
        primary: null,
        me: null,
        '$clusterTime': null,
        iscryptd: false
      }
    },
    stale: false,
    compatible: true,
    heartbeatFrequencyMS: 10000,
    localThresholdMS: 15,
    setName: 'atlas-pwdqag-shard-0',
    maxElectionId: null,
    maxSetVersion: null,
    commonWireVersion: 0,
    logicalSessionTimeoutMinutes: null
  }
}

Node.js v22.14.0
